
*** Running vivado
    with args -log mfu.vds -m64 -product Vivado -mode batch -messageDb vivado.pb -notrace -source mfu.tcl


****** Vivado v2017.4 (64-bit)
  **** SW Build 2086221 on Fri Dec 15 20:55:39 MST 2017
  **** IP Build 2085800 on Fri Dec 15 22:25:07 MST 2017
    ** Copyright 1986-2017 Xilinx, Inc. All Rights Reserved.

source mfu.tcl -notrace
Command: synth_design -top mfu -part xc7a35tcpg236-1
Starting synth_design
Attempting to get a license for feature 'Synthesis' and/or device 'xc7a35t'
INFO: [Common 17-349] Got license for feature 'Synthesis' and/or device 'xc7a35t'
INFO: Launching helper process for spawning children vivado processes
INFO: Helper process launched with PID 2896 
---------------------------------------------------------------------------------
Starting RTL Elaboration : Time (s): cpu = 00:00:09 ; elapsed = 00:00:09 . Memory (MB): peak = 388.207 ; gain = 97.113
---------------------------------------------------------------------------------
INFO: [Synth 8-638] synthesizing module 'mfu' [I:/project_5_3/project_5_3.srcs/sources_1/new/mfu.vhd:16]
	Parameter g_CLKS_PER_BIT bound to: 10416 - type: integer 
INFO: [Synth 8-3491] module 'UART_RX' declared at 'I:/project_5_3/project_5_3.srcs/sources_1/new/uart_rx.vhd:5' bound to instance 'Entity_rx' of component 'UART_RX' [I:/project_5_3/project_5_3.srcs/sources_1/new/mfu.vhd:144]
INFO: [Synth 8-638] synthesizing module 'UART_RX' [I:/project_5_3/project_5_3.srcs/sources_1/new/uart_rx.vhd:18]
	Parameter g_CLKS_PER_BIT bound to: 10416 - type: integer 
INFO: [Synth 8-256] done synthesizing module 'UART_RX' (1#1) [I:/project_5_3/project_5_3.srcs/sources_1/new/uart_rx.vhd:18]
	Parameter g_CLKS_PER_BIT bound to: 10416 - type: integer 
INFO: [Synth 8-3491] module 'UART_TX' declared at 'I:/project_5_3/project_5_3.srcs/sources_1/new/uart_tx.vhd:5' bound to instance 'Entity_tx' of component 'UART_TX' [I:/project_5_3/project_5_3.srcs/sources_1/new/mfu.vhd:146]
INFO: [Synth 8-638] synthesizing module 'UART_TX' [I:/project_5_3/project_5_3.srcs/sources_1/new/uart_tx.vhd:20]
	Parameter g_CLKS_PER_BIT bound to: 10416 - type: integer 
INFO: [Synth 8-256] done synthesizing module 'UART_TX' (2#1) [I:/project_5_3/project_5_3.srcs/sources_1/new/uart_tx.vhd:20]
WARNING: [Synth 8-6014] Unused sequential element mode_reg was removed.  [I:/project_5_3/project_5_3.srcs/sources_1/new/mfu.vhd:83]
WARNING: [Synth 8-6014] Unused sequential element sorted_array_reg[7] was removed.  [I:/project_5_3/project_5_3.srcs/sources_1/new/mfu.vhd:97]
WARNING: [Synth 8-6014] Unused sequential element sorted_array_reg[6] was removed.  [I:/project_5_3/project_5_3.srcs/sources_1/new/mfu.vhd:97]
WARNING: [Synth 8-6014] Unused sequential element sorted_array_reg[5] was removed.  [I:/project_5_3/project_5_3.srcs/sources_1/new/mfu.vhd:97]
WARNING: [Synth 8-6014] Unused sequential element sorted_array_reg[4] was removed.  [I:/project_5_3/project_5_3.srcs/sources_1/new/mfu.vhd:97]
WARNING: [Synth 8-6014] Unused sequential element sorted_array_reg[3] was removed.  [I:/project_5_3/project_5_3.srcs/sources_1/new/mfu.vhd:97]
WARNING: [Synth 8-6014] Unused sequential element sorted_array_reg[2] was removed.  [I:/project_5_3/project_5_3.srcs/sources_1/new/mfu.vhd:97]
WARNING: [Synth 8-6014] Unused sequential element sorted_array_reg[1] was removed.  [I:/project_5_3/project_5_3.srcs/sources_1/new/mfu.vhd:97]
WARNING: [Synth 8-6014] Unused sequential element sorted_array_reg[0] was removed.  [I:/project_5_3/project_5_3.srcs/sources_1/new/mfu.vhd:97]
WARNING: [Synth 8-6014] Unused sequential element temp_reg was removed.  [I:/project_5_3/project_5_3.srcs/sources_1/new/mfu.vhd:102]
WARNING: [Synth 8-6014] Unused sequential element freq_reg was removed.  [I:/project_5_3/project_5_3.srcs/sources_1/new/mfu.vhd:108]
WARNING: [Synth 8-6014] Unused sequential element max_freq_reg was removed.  [I:/project_5_3/project_5_3.srcs/sources_1/new/mfu.vhd:109]
WARNING: [Synth 8-6014] Unused sequential element mode_i_reg was removed.  [I:/project_5_3/project_5_3.srcs/sources_1/new/mfu.vhd:110]
WARNING: [Synth 8-6014] Unused sequential element temp1_reg was removed.  [I:/project_5_3/project_5_3.srcs/sources_1/new/mfu.vhd:111]
WARNING: [Synth 8-6014] Unused sequential element sum_reg was removed.  [I:/project_5_3/project_5_3.srcs/sources_1/new/mfu.vhd:124]
WARNING: [Synth 8-6014] Unused sequential element range1_reg was removed.  [I:/project_5_3/project_5_3.srcs/sources_1/new/mfu.vhd:125]
WARNING: [Synth 8-6014] Unused sequential element median_sum_reg was removed.  [I:/project_5_3/project_5_3.srcs/sources_1/new/mfu.vhd:126]
WARNING: [Synth 8-6014] Unused sequential element mid_range_sum_reg was removed.  [I:/project_5_3/project_5_3.srcs/sources_1/new/mfu.vhd:127]
WARNING: [Synth 8-6014] Unused sequential element index_reg was removed.  [I:/project_5_3/project_5_3.srcs/sources_1/new/mfu.vhd:138]
INFO: [Synth 8-256] done synthesizing module 'mfu' (3#1) [I:/project_5_3/project_5_3.srcs/sources_1/new/mfu.vhd:16]
---------------------------------------------------------------------------------
Finished RTL Elaboration : Time (s): cpu = 00:00:10 ; elapsed = 00:00:11 . Memory (MB): peak = 440.727 ; gain = 149.633
---------------------------------------------------------------------------------

Report Check Netlist: 
+------+------------------+-------+---------+-------+------------------+
|      |Item              |Errors |Warnings |Status |Description       |
+------+------------------+-------+---------+-------+------------------+
|1     |multi_driven_nets |      0|        0|Passed |Multi driven nets |
+------+------------------+-------+---------+-------+------------------+
---------------------------------------------------------------------------------
Finished RTL Optimization Phase 1 : Time (s): cpu = 00:00:11 ; elapsed = 00:00:11 . Memory (MB): peak = 440.727 ; gain = 149.633
---------------------------------------------------------------------------------
INFO: [Device 21-403] Loading part xc7a35tcpg236-1
INFO: [Project 1-570] Preparing netlist for logic optimization

Processing XDC Constraints
Initializing timing engine
Parsing XDC File [I:/project_5_3/project_5_3.srcs/constrs_1/new/ports.xdc]
WARNING: [Vivado 12-507] No nets matched 'clk_IBUF'. [I:/project_5_3/project_5_3.srcs/constrs_1/new/ports.xdc:5]
CRITICAL WARNING: [Common 17-55] 'set_property' expects at least one object. [I:/project_5_3/project_5_3.srcs/constrs_1/new/ports.xdc:5]
Resolution: If [get_<value>] was used to populate the object, check to make sure this command returns at least one valid object.
WARNING: [Vivado 12-507] No nets matched 'write_IBUF'. [I:/project_5_3/project_5_3.srcs/constrs_1/new/ports.xdc:6]
CRITICAL WARNING: [Common 17-55] 'set_property' expects at least one object. [I:/project_5_3/project_5_3.srcs/constrs_1/new/ports.xdc:6]
Resolution: If [get_<value>] was used to populate the object, check to make sure this command returns at least one valid object.
WARNING: [Vivado 12-584] No ports matched 'out1[7]'. [I:/project_5_3/project_5_3.srcs/constrs_1/new/ports.xdc:46]
CRITICAL WARNING: [Common 17-55] 'set_property' expects at least one object. [I:/project_5_3/project_5_3.srcs/constrs_1/new/ports.xdc:46]
Resolution: If [get_<value>] was used to populate the object, check to make sure this command returns at least one valid object.
WARNING: [Vivado 12-584] No ports matched 'out1[7]'. [I:/project_5_3/project_5_3.srcs/constrs_1/new/ports.xdc:47]
CRITICAL WARNING: [Common 17-55] 'set_property' expects at least one object. [I:/project_5_3/project_5_3.srcs/constrs_1/new/ports.xdc:47]
Resolution: If [get_<value>] was used to populate the object, check to make sure this command returns at least one valid object.
WARNING: [Vivado 12-584] No ports matched 'out1[6]'. [I:/project_5_3/project_5_3.srcs/constrs_1/new/ports.xdc:48]
CRITICAL WARNING: [Common 17-55] 'set_property' expects at least one object. [I:/project_5_3/project_5_3.srcs/constrs_1/new/ports.xdc:48]
Resolution: If [get_<value>] was used to populate the object, check to make sure this command returns at least one valid object.
WARNING: [Vivado 12-584] No ports matched 'out1[6]'. [I:/project_5_3/project_5_3.srcs/constrs_1/new/ports.xdc:49]
CRITICAL WARNING: [Common 17-55] 'set_property' expects at least one object. [I:/project_5_3/project_5_3.srcs/constrs_1/new/ports.xdc:49]
Resolution: If [get_<value>] was used to populate the object, check to make sure this command returns at least one valid object.
WARNING: [Vivado 12-584] No ports matched 'out1[5]'. [I:/project_5_3/project_5_3.srcs/constrs_1/new/ports.xdc:50]
CRITICAL WARNING: [Common 17-55] 'set_property' expects at least one object. [I:/project_5_3/project_5_3.srcs/constrs_1/new/ports.xdc:50]
Resolution: If [get_<value>] was used to populate the object, check to make sure this command returns at least one valid object.
WARNING: [Vivado 12-584] No ports matched 'out1[5]'. [I:/project_5_3/project_5_3.srcs/constrs_1/new/ports.xdc:51]
CRITICAL WARNING: [Common 17-55] 'set_property' expects at least one object. [I:/project_5_3/project_5_3.srcs/constrs_1/new/ports.xdc:51]
Resolution: If [get_<value>] was used to populate the object, check to make sure this command returns at least one valid object.
WARNING: [Vivado 12-584] No ports matched 'out1[4]'. [I:/project_5_3/project_5_3.srcs/constrs_1/new/ports.xdc:52]
CRITICAL WARNING: [Common 17-55] 'set_property' expects at least one object. [I:/project_5_3/project_5_3.srcs/constrs_1/new/ports.xdc:52]
Resolution: If [get_<value>] was used to populate the object, check to make sure this command returns at least one valid object.
WARNING: [Vivado 12-584] No ports matched 'out1[4]'. [I:/project_5_3/project_5_3.srcs/constrs_1/new/ports.xdc:53]
CRITICAL WARNING: [Common 17-55] 'set_property' expects at least one object. [I:/project_5_3/project_5_3.srcs/constrs_1/new/ports.xdc:53]
Resolution: If [get_<value>] was used to populate the object, check to make sure this command returns at least one valid object.
WARNING: [Vivado 12-584] No ports matched 'out1[3]'. [I:/project_5_3/project_5_3.srcs/constrs_1/new/ports.xdc:54]
CRITICAL WARNING: [Common 17-55] 'set_property' expects at least one object. [I:/project_5_3/project_5_3.srcs/constrs_1/new/ports.xdc:54]
Resolution: If [get_<value>] was used to populate the object, check to make sure this command returns at least one valid object.
WARNING: [Vivado 12-584] No ports matched 'out1[3]'. [I:/project_5_3/project_5_3.srcs/constrs_1/new/ports.xdc:55]
CRITICAL WARNING: [Common 17-55] 'set_property' expects at least one object. [I:/project_5_3/project_5_3.srcs/constrs_1/new/ports.xdc:55]
Resolution: If [get_<value>] was used to populate the object, check to make sure this command returns at least one valid object.
WARNING: [Vivado 12-584] No ports matched 'out1[2]'. [I:/project_5_3/project_5_3.srcs/constrs_1/new/ports.xdc:56]
CRITICAL WARNING: [Common 17-55] 'set_property' expects at least one object. [I:/project_5_3/project_5_3.srcs/constrs_1/new/ports.xdc:56]
Resolution: If [get_<value>] was used to populate the object, check to make sure this command returns at least one valid object.
WARNING: [Vivado 12-584] No ports matched 'out1[2]'. [I:/project_5_3/project_5_3.srcs/constrs_1/new/ports.xdc:57]
CRITICAL WARNING: [Common 17-55] 'set_property' expects at least one object. [I:/project_5_3/project_5_3.srcs/constrs_1/new/ports.xdc:57]
Resolution: If [get_<value>] was used to populate the object, check to make sure this command returns at least one valid object.
WARNING: [Vivado 12-584] No ports matched 'out1[1]'. [I:/project_5_3/project_5_3.srcs/constrs_1/new/ports.xdc:58]
CRITICAL WARNING: [Common 17-55] 'set_property' expects at least one object. [I:/project_5_3/project_5_3.srcs/constrs_1/new/ports.xdc:58]
Resolution: If [get_<value>] was used to populate the object, check to make sure this command returns at least one valid object.
WARNING: [Vivado 12-584] No ports matched 'out1[1]'. [I:/project_5_3/project_5_3.srcs/constrs_1/new/ports.xdc:59]
CRITICAL WARNING: [Common 17-55] 'set_property' expects at least one object. [I:/project_5_3/project_5_3.srcs/constrs_1/new/ports.xdc:59]
Resolution: If [get_<value>] was used to populate the object, check to make sure this command returns at least one valid object.
WARNING: [Vivado 12-584] No ports matched 'out1[0]'. [I:/project_5_3/project_5_3.srcs/constrs_1/new/ports.xdc:60]
CRITICAL WARNING: [Common 17-55] 'set_property' expects at least one object. [I:/project_5_3/project_5_3.srcs/constrs_1/new/ports.xdc:60]
Resolution: If [get_<value>] was used to populate the object, check to make sure this command returns at least one valid object.
WARNING: [Vivado 12-584] No ports matched 'out1[0]'. [I:/project_5_3/project_5_3.srcs/constrs_1/new/ports.xdc:61]
CRITICAL WARNING: [Common 17-55] 'set_property' expects at least one object. [I:/project_5_3/project_5_3.srcs/constrs_1/new/ports.xdc:61]
Resolution: If [get_<value>] was used to populate the object, check to make sure this command returns at least one valid object.
Finished Parsing XDC File [I:/project_5_3/project_5_3.srcs/constrs_1/new/ports.xdc]
INFO: [Project 1-236] Implementation specific constraints were found while reading constraint file [I:/project_5_3/project_5_3.srcs/constrs_1/new/ports.xdc]. These constraints will be ignored for synthesis but will be used in implementation. Impacted constraints are listed in the file [.Xil/mfu_propImpl.xdc].
Resolution: To avoid this warning, move constraints listed in [.Xil/mfu_propImpl.xdc] to another XDC file and exclude this new file from synthesis with the used_in_synthesis property (File Properties dialog in GUI) and re-run elaboration/synthesis.
Completed Processing XDC Constraints

INFO: [Project 1-111] Unisim Transformation Summary:
No Unisim elements were transformed.

Constraint Validation Runtime : Time (s): cpu = 00:00:00 ; elapsed = 00:00:00.004 . Memory (MB): peak = 774.715 ; gain = 0.000
---------------------------------------------------------------------------------
Finished Constraint Validation : Time (s): cpu = 00:00:29 ; elapsed = 00:00:30 . Memory (MB): peak = 774.715 ; gain = 483.621
---------------------------------------------------------------------------------
---------------------------------------------------------------------------------
Start Loading Part and Timing Information
---------------------------------------------------------------------------------
Loading part: xc7a35tcpg236-1
---------------------------------------------------------------------------------
Finished Loading Part and Timing Information : Time (s): cpu = 00:00:29 ; elapsed = 00:00:30 . Memory (MB): peak = 774.715 ; gain = 483.621
---------------------------------------------------------------------------------
---------------------------------------------------------------------------------
Start Applying 'set_property' XDC Constraints
---------------------------------------------------------------------------------
---------------------------------------------------------------------------------
Finished applying 'set_property' XDC Constraints : Time (s): cpu = 00:00:29 ; elapsed = 00:00:30 . Memory (MB): peak = 774.715 ; gain = 483.621
---------------------------------------------------------------------------------
INFO: [Synth 8-802] inferred FSM for state register 'r_SM_Main_reg' in module 'UART_RX'
INFO: [Synth 8-5544] ROM "r_SM_Main" won't be mapped to Block RAM because address size (1) smaller than threshold (5)
INFO: [Synth 8-5544] ROM "r_SM_Main" won't be mapped to Block RAM because address size (1) smaller than threshold (5)
INFO: [Synth 8-5544] ROM "r_SM_Main" won't be mapped to Block RAM because address size (1) smaller than threshold (5)
INFO: [Synth 8-802] inferred FSM for state register 'r_SM_Main_reg' in module 'UART_TX'
INFO: [Synth 8-5544] ROM "o_TX_Active" won't be mapped to Block RAM because address size (3) smaller than threshold (5)
INFO: [Synth 8-5544] ROM "o_TX_Serial" won't be mapped to Block RAM because address size (3) smaller than threshold (5)
INFO: [Synth 8-5544] ROM "r_SM_Main" won't be mapped to Block RAM because address size (1) smaller than threshold (5)
INFO: [Synth 8-5544] ROM "r_SM_Main" won't be mapped to Block RAM because address size (1) smaller than threshold (5)
INFO: [Synth 8-5544] ROM "r_SM_Main" won't be mapped to Block RAM because address size (1) smaller than threshold (5)
INFO: [Synth 8-41] '_-' operator could not be merged with '+' operator due to loss of accuracy [I:/project_5_3/project_5_3.srcs/sources_1/new/mfu.vhd:114]
INFO: [Synth 8-41] '_-' operator could not be merged with '+' operator due to loss of accuracy [I:/project_5_3/project_5_3.srcs/sources_1/new/mfu.vhd:114]
WARNING: [Synth 8-3936] Found unconnected internal register 'address_reg' and it is trimmed from '4' to '3' bits. [I:/project_5_3/project_5_3.srcs/sources_1/new/mfu.vhd:84]
INFO: [Synth 8-41] '_-' operator could not be merged with '+' operator due to loss of accuracy [I:/project_5_3/project_5_3.srcs/sources_1/new/mfu.vhd:114]
INFO: [Synth 8-5545] ROM "address" won't be mapped to RAM because address size (32) is larger than maximum supported(25)
INFO: [Synth 8-5545] ROM "flag" won't be mapped to RAM because address size (32) is larger than maximum supported(25)
INFO: [Synth 8-5545] ROM "memory[7]" won't be mapped to RAM because address size (32) is larger than maximum supported(25)
INFO: [Synth 8-5544] ROM "memory_reg[7]" won't be mapped to Block RAM because address size (3) smaller than threshold (5)
INFO: [Synth 8-5544] ROM "memory_reg[7]" won't be mapped to Block RAM because address size (3) smaller than threshold (5)
INFO: [Synth 8-5545] ROM "memory[6]" won't be mapped to RAM because address size (32) is larger than maximum supported(25)
INFO: [Synth 8-5544] ROM "memory_reg[6]" won't be mapped to Block RAM because address size (3) smaller than threshold (5)
INFO: [Synth 8-5544] ROM "memory_reg[6]" won't be mapped to Block RAM because address size (3) smaller than threshold (5)
INFO: [Synth 8-5545] ROM "memory[5]" won't be mapped to RAM because address size (32) is larger than maximum supported(25)
INFO: [Synth 8-5544] ROM "memory_reg[5]" won't be mapped to Block RAM because address size (3) smaller than threshold (5)
INFO: [Synth 8-5544] ROM "memory_reg[5]" won't be mapped to Block RAM because address size (3) smaller than threshold (5)
INFO: [Synth 8-5545] ROM "memory[4]" won't be mapped to RAM because address size (32) is larger than maximum supported(25)
INFO: [Synth 8-5544] ROM "memory_reg[4]" won't be mapped to Block RAM because address size (3) smaller than threshold (5)
INFO: [Synth 8-5544] ROM "memory_reg[4]" won't be mapped to Block RAM because address size (3) smaller than threshold (5)
INFO: [Synth 8-5545] ROM "memory[3]" won't be mapped to RAM because address size (32) is larger than maximum supported(25)
INFO: [Synth 8-5544] ROM "memory_reg[3]" won't be mapped to Block RAM because address size (3) smaller than threshold (5)
INFO: [Synth 8-5544] ROM "memory_reg[3]" won't be mapped to Block RAM because address size (3) smaller than threshold (5)
INFO: [Synth 8-5545] ROM "memory[2]" won't be mapped to RAM because address size (32) is larger than maximum supported(25)
INFO: [Synth 8-5544] ROM "memory_reg[2]" won't be mapped to Block RAM because address size (3) smaller than threshold (5)
INFO: [Synth 8-5544] ROM "memory_reg[2]" won't be mapped to Block RAM because address size (3) smaller than threshold (5)
INFO: [Synth 8-5545] ROM "memory[1]" won't be mapped to RAM because address size (32) is larger than maximum supported(25)
INFO: [Synth 8-5544] ROM "memory_reg[1]" won't be mapped to Block RAM because address size (3) smaller than threshold (5)
INFO: [Synth 8-5544] ROM "memory_reg[1]" won't be mapped to Block RAM because address size (3) smaller than threshold (5)
INFO: [Synth 8-5545] ROM "memory[0]" won't be mapped to RAM because address size (32) is larger than maximum supported(25)
INFO: [Synth 8-5544] ROM "memory_reg[0]" won't be mapped to Block RAM because address size (3) smaller than threshold (5)
INFO: [Synth 8-5544] ROM "memory_reg[0]" won't be mapped to Block RAM because address size (3) smaller than threshold (5)
---------------------------------------------------------------------------------------------------
                   State |                     New Encoding |                Previous Encoding 
---------------------------------------------------------------------------------------------------
                  s_idle |                              000 |                              000
          s_rx_start_bit |                              001 |                              001
          s_rx_data_bits |                              010 |                              010
           s_rx_stop_bit |                              011 |                              011
               s_cleanup |                              100 |                              100
---------------------------------------------------------------------------------------------------
INFO: [Synth 8-3354] encoded FSM with state register 'r_SM_Main_reg' using encoding 'sequential' in module 'UART_RX'
---------------------------------------------------------------------------------------------------
                   State |                     New Encoding |                Previous Encoding 
---------------------------------------------------------------------------------------------------
                  s_idle |                              000 |                              000
          s_tx_start_bit |                              001 |                              001
          s_tx_data_bits |                              010 |                              010
           s_tx_stop_bit |                              011 |                              011
               s_cleanup |                              100 |                              100
---------------------------------------------------------------------------------------------------
INFO: [Synth 8-3354] encoded FSM with state register 'r_SM_Main_reg' using encoding 'sequential' in module 'UART_TX'
---------------------------------------------------------------------------------
Finished RTL Optimization Phase 2 : Time (s): cpu = 00:00:31 ; elapsed = 00:00:32 . Memory (MB): peak = 774.715 ; gain = 483.621
---------------------------------------------------------------------------------

Report RTL Partitions: 
+-+--------------+------------+----------+
| |RTL Partition |Replication |Instances |
+-+--------------+------------+----------+
+-+--------------+------------+----------+
---------------------------------------------------------------------------------
Start RTL Component Statistics 
---------------------------------------------------------------------------------
Detailed RTL Component Info : 
+---Adders : 
	   2 Input     16 Bit       Adders := 2     
	   3 Input     16 Bit       Adders := 1     
	   8 Input     16 Bit       Adders := 1     
	   2 Input     14 Bit       Adders := 2     
	   3 Input      5 Bit       Adders := 1     
	   2 Input      4 Bit       Adders := 5     
	   2 Input      3 Bit       Adders := 3     
+---Registers : 
	               32 Bit    Registers := 1     
	               16 Bit    Registers := 16    
	               14 Bit    Registers := 2     
	                8 Bit    Registers := 4     
	                3 Bit    Registers := 3     
	                1 Bit    Registers := 6     
+---Muxes : 
	   2 Input     16 Bit        Muxes := 95    
	   2 Input     14 Bit        Muxes := 2     
	   5 Input     14 Bit        Muxes := 2     
	   2 Input      8 Bit        Muxes := 1     
	   5 Input      8 Bit        Muxes := 1     
	   2 Input      4 Bit        Muxes := 12    
	   2 Input      3 Bit        Muxes := 5     
	   5 Input      3 Bit        Muxes := 2     
	  12 Input      3 Bit        Muxes := 1     
	  11 Input      3 Bit        Muxes := 1     
	   2 Input      2 Bit        Muxes := 2     
	   2 Input      1 Bit        Muxes := 18    
	   5 Input      1 Bit        Muxes := 12    
---------------------------------------------------------------------------------
Finished RTL Component Statistics 
---------------------------------------------------------------------------------
---------------------------------------------------------------------------------
Start RTL Hierarchical Component Statistics 
---------------------------------------------------------------------------------
Hierarchical RTL Component report 
Module mfu 
Detailed RTL Component Info : 
+---Adders : 
	   2 Input     16 Bit       Adders := 2     
	   3 Input     16 Bit       Adders := 1     
	   8 Input     16 Bit       Adders := 1     
	   3 Input      5 Bit       Adders := 1     
	   2 Input      4 Bit       Adders := 5     
	   2 Input      3 Bit       Adders := 1     
+---Registers : 
	               32 Bit    Registers := 1     
	               16 Bit    Registers := 16    
	                8 Bit    Registers := 2     
	                3 Bit    Registers := 1     
+---Muxes : 
	   2 Input     16 Bit        Muxes := 95    
	   2 Input      4 Bit        Muxes := 12    
	   2 Input      3 Bit        Muxes := 3     
	   2 Input      2 Bit        Muxes := 2     
	   2 Input      1 Bit        Muxes := 17    
Module UART_RX 
Detailed RTL Component Info : 
+---Adders : 
	   2 Input     14 Bit       Adders := 1     
	   2 Input      3 Bit       Adders := 1     
+---Registers : 
	               14 Bit    Registers := 1     
	                8 Bit    Registers := 1     
	                3 Bit    Registers := 1     
	                1 Bit    Registers := 3     
+---Muxes : 
	   2 Input     14 Bit        Muxes := 1     
	   5 Input     14 Bit        Muxes := 1     
	   2 Input      8 Bit        Muxes := 1     
	   5 Input      8 Bit        Muxes := 1     
	   2 Input      3 Bit        Muxes := 1     
	   5 Input      3 Bit        Muxes := 1     
	  12 Input      3 Bit        Muxes := 1     
	   2 Input      1 Bit        Muxes := 1     
	   5 Input      1 Bit        Muxes := 4     
Module UART_TX 
Detailed RTL Component Info : 
+---Adders : 
	   2 Input     14 Bit       Adders := 1     
	   2 Input      3 Bit       Adders := 1     
+---Registers : 
	               14 Bit    Registers := 1     
	                8 Bit    Registers := 1     
	                3 Bit    Registers := 1     
	                1 Bit    Registers := 3     
+---Muxes : 
	   2 Input     14 Bit        Muxes := 1     
	   5 Input     14 Bit        Muxes := 1     
	   2 Input      3 Bit        Muxes := 1     
	   5 Input      3 Bit        Muxes := 1     
	  11 Input      3 Bit        Muxes := 1     
	   5 Input      1 Bit        Muxes := 8     
---------------------------------------------------------------------------------
Finished RTL Hierarchical Component Statistics
---------------------------------------------------------------------------------
---------------------------------------------------------------------------------
Start Part Resource Summary
---------------------------------------------------------------------------------
Part Resources:
DSPs: 90 (col length:60)
BRAMs: 100 (col length: RAMB18 60 RAMB36 30)
---------------------------------------------------------------------------------
Finished Part Resource Summary
---------------------------------------------------------------------------------
---------------------------------------------------------------------------------
Start Cross Boundary and Area Optimization
---------------------------------------------------------------------------------
INFO: [Synth 8-5544] ROM "memory_reg[0]" won't be mapped to Block RAM because address size (3) smaller than threshold (5)
INFO: [Synth 8-5544] ROM "memory_reg[1]" won't be mapped to Block RAM because address size (3) smaller than threshold (5)
INFO: [Synth 8-5544] ROM "memory_reg[2]" won't be mapped to Block RAM because address size (3) smaller than threshold (5)
INFO: [Synth 8-5544] ROM "memory_reg[3]" won't be mapped to Block RAM because address size (3) smaller than threshold (5)
INFO: [Synth 8-5544] ROM "memory_reg[4]" won't be mapped to Block RAM because address size (3) smaller than threshold (5)
INFO: [Synth 8-5544] ROM "memory_reg[5]" won't be mapped to Block RAM because address size (3) smaller than threshold (5)
INFO: [Synth 8-5544] ROM "memory_reg[6]" won't be mapped to Block RAM because address size (3) smaller than threshold (5)
INFO: [Synth 8-5544] ROM "memory_reg[7]" won't be mapped to Block RAM because address size (3) smaller than threshold (5)
INFO: [Synth 8-5545] ROM "flag" won't be mapped to RAM because address size (32) is larger than maximum supported(25)
INFO: [Synth 8-5545] ROM "address" won't be mapped to RAM because address size (32) is larger than maximum supported(25)
INFO: [Synth 8-5545] ROM "memory[0]" won't be mapped to RAM because address size (32) is larger than maximum supported(25)
INFO: [Synth 8-5545] ROM "memory[1]" won't be mapped to RAM because address size (32) is larger than maximum supported(25)
INFO: [Synth 8-5545] ROM "memory[2]" won't be mapped to RAM because address size (32) is larger than maximum supported(25)
INFO: [Synth 8-5545] ROM "memory[3]" won't be mapped to RAM because address size (32) is larger than maximum supported(25)
INFO: [Synth 8-5545] ROM "memory[4]" won't be mapped to RAM because address size (32) is larger than maximum supported(25)
INFO: [Synth 8-5545] ROM "memory[5]" won't be mapped to RAM because address size (32) is larger than maximum supported(25)
INFO: [Synth 8-5545] ROM "memory[6]" won't be mapped to RAM because address size (32) is larger than maximum supported(25)
INFO: [Synth 8-5545] ROM "memory[7]" won't be mapped to RAM because address size (32) is larger than maximum supported(25)
INFO: [Synth 8-3886] merging instance 'memory_reg[9][7]' (FDRE) to 'memory_reg[8][10]'
INFO: [Synth 8-3886] merging instance 'memory_reg[8][7]' (FDRE) to 'memory_reg[9][4]'
INFO: [Synth 8-3886] merging instance 'memory_reg[9][6]' (FDRE) to 'memory_reg[8][9]'
INFO: [Synth 8-3886] merging instance 'memory_reg[8][6]' (FDRE) to 'memory_reg[9][3]'
INFO: [Synth 8-3886] merging instance 'memory_reg[9][5]' (FDRE) to 'memory_reg[8][8]'
INFO: [Synth 8-3886] merging instance 'memory_reg[8][5]' (FDRE) to 'memory_reg[9][2]'
INFO: [Synth 8-3886] merging instance 'memory_reg[8][4]' (FDRE) to 'memory_reg[9][1]'
INFO: [Synth 8-3886] merging instance 'memory_reg[8][3]' (FDRE) to 'memory_reg[9][0]'
INFO: [Synth 8-3886] merging instance 'memory_reg[9][8]' (FDRE) to 'memory_reg[8][11]'
INFO: [Synth 8-3886] merging instance 'memory_reg[7][8]' (FDRE) to 'memory_reg[7][9]'
INFO: [Synth 8-3886] merging instance 'memory_reg[6][8]' (FDRE) to 'memory_reg[6][9]'
INFO: [Synth 8-3886] merging instance 'memory_reg[5][8]' (FDRE) to 'memory_reg[5][9]'
INFO: [Synth 8-3886] merging instance 'memory_reg[4][8]' (FDRE) to 'memory_reg[4][9]'
INFO: [Synth 8-3886] merging instance 'memory_reg[3][8]' (FDRE) to 'memory_reg[3][9]'
INFO: [Synth 8-3886] merging instance 'memory_reg[2][8]' (FDRE) to 'memory_reg[2][9]'
INFO: [Synth 8-3886] merging instance 'memory_reg[1][8]' (FDRE) to 'memory_reg[1][9]'
INFO: [Synth 8-3886] merging instance 'memory_reg[0][8]' (FDRE) to 'memory_reg[0][9]'
INFO: [Synth 8-3886] merging instance 'memory_reg[9][9]' (FDRE) to 'memory_reg[8][12]'
INFO: [Synth 8-3886] merging instance 'memory_reg[7][9]' (FDRE) to 'memory_reg[7][10]'
INFO: [Synth 8-3886] merging instance 'memory_reg[6][9]' (FDRE) to 'memory_reg[6][10]'
INFO: [Synth 8-3886] merging instance 'memory_reg[5][9]' (FDRE) to 'memory_reg[5][10]'
INFO: [Synth 8-3886] merging instance 'memory_reg[4][9]' (FDRE) to 'memory_reg[4][10]'
INFO: [Synth 8-3886] merging instance 'memory_reg[3][9]' (FDRE) to 'memory_reg[3][10]'
INFO: [Synth 8-3886] merging instance 'memory_reg[2][9]' (FDRE) to 'memory_reg[2][10]'
INFO: [Synth 8-3886] merging instance 'memory_reg[1][9]' (FDRE) to 'memory_reg[1][10]'
INFO: [Synth 8-3886] merging instance 'memory_reg[0][9]' (FDRE) to 'memory_reg[0][10]'
INFO: [Synth 8-3886] merging instance 'memory_reg[9][10]' (FDRE) to 'memory_reg[8][13]'
INFO: [Synth 8-3886] merging instance 'memory_reg[7][10]' (FDRE) to 'memory_reg[7][11]'
INFO: [Synth 8-3886] merging instance 'memory_reg[6][10]' (FDRE) to 'memory_reg[6][11]'
INFO: [Synth 8-3886] merging instance 'memory_reg[5][10]' (FDRE) to 'memory_reg[5][11]'
INFO: [Synth 8-3886] merging instance 'memory_reg[4][10]' (FDRE) to 'memory_reg[4][11]'
INFO: [Synth 8-3886] merging instance 'memory_reg[3][10]' (FDRE) to 'memory_reg[3][11]'
INFO: [Synth 8-3886] merging instance 'memory_reg[2][10]' (FDRE) to 'memory_reg[2][11]'
INFO: [Synth 8-3886] merging instance 'memory_reg[1][10]' (FDRE) to 'memory_reg[1][11]'
INFO: [Synth 8-3886] merging instance 'memory_reg[0][10]' (FDRE) to 'memory_reg[0][11]'
INFO: [Synth 8-3886] merging instance 'memory_reg[9][11]' (FDRE) to 'memory_reg[8][14]'
INFO: [Synth 8-3886] merging instance 'memory_reg[7][11]' (FDRE) to 'memory_reg[7][12]'
INFO: [Synth 8-3886] merging instance 'memory_reg[6][11]' (FDRE) to 'memory_reg[6][12]'
INFO: [Synth 8-3886] merging instance 'memory_reg[5][11]' (FDRE) to 'memory_reg[5][12]'
INFO: [Synth 8-3886] merging instance 'memory_reg[4][11]' (FDRE) to 'memory_reg[4][12]'
INFO: [Synth 8-3886] merging instance 'memory_reg[3][11]' (FDRE) to 'memory_reg[3][12]'
INFO: [Synth 8-3886] merging instance 'memory_reg[2][11]' (FDRE) to 'memory_reg[2][12]'
INFO: [Synth 8-3886] merging instance 'memory_reg[1][11]' (FDRE) to 'memory_reg[1][12]'
INFO: [Synth 8-3886] merging instance 'memory_reg[0][11]' (FDRE) to 'memory_reg[0][12]'
INFO: [Synth 8-3886] merging instance 'memory_reg[9][12]' (FDRE) to 'memory_reg[8][15]'
INFO: [Synth 8-3886] merging instance 'memory_reg[7][12]' (FDRE) to 'memory_reg[7][13]'
INFO: [Synth 8-3886] merging instance 'memory_reg[6][12]' (FDRE) to 'memory_reg[6][13]'
INFO: [Synth 8-3886] merging instance 'memory_reg[5][12]' (FDRE) to 'memory_reg[5][13]'
INFO: [Synth 8-3886] merging instance 'memory_reg[4][12]' (FDRE) to 'memory_reg[4][13]'
INFO: [Synth 8-3886] merging instance 'memory_reg[3][12]' (FDRE) to 'memory_reg[3][13]'
INFO: [Synth 8-3886] merging instance 'memory_reg[2][12]' (FDRE) to 'memory_reg[2][13]'
INFO: [Synth 8-3886] merging instance 'memory_reg[1][12]' (FDRE) to 'memory_reg[1][13]'
INFO: [Synth 8-3886] merging instance 'memory_reg[0][12]' (FDRE) to 'memory_reg[0][13]'
INFO: [Synth 8-3886] merging instance 'memory_reg[9][13]' (FDRE) to 'memory_reg[9][14]'
INFO: [Synth 8-3886] merging instance 'memory_reg[7][13]' (FDRE) to 'memory_reg[7][14]'
INFO: [Synth 8-3886] merging instance 'memory_reg[6][13]' (FDRE) to 'memory_reg[6][14]'
INFO: [Synth 8-3886] merging instance 'memory_reg[5][13]' (FDRE) to 'memory_reg[5][14]'
INFO: [Synth 8-3886] merging instance 'memory_reg[4][13]' (FDRE) to 'memory_reg[4][14]'
INFO: [Synth 8-3886] merging instance 'memory_reg[3][13]' (FDRE) to 'memory_reg[3][14]'
INFO: [Synth 8-3886] merging instance 'memory_reg[2][13]' (FDRE) to 'memory_reg[2][14]'
INFO: [Synth 8-3886] merging instance 'memory_reg[1][13]' (FDRE) to 'memory_reg[1][14]'
INFO: [Synth 8-3886] merging instance 'memory_reg[0][13]' (FDRE) to 'memory_reg[0][14]'
INFO: [Synth 8-3886] merging instance 'memory_reg[9][14]' (FDRE) to 'memory_reg[9][15]'
INFO: [Synth 8-3886] merging instance 'memory_reg[7][14]' (FDRE) to 'memory_reg[7][15]'
INFO: [Synth 8-3886] merging instance 'memory_reg[6][14]' (FDRE) to 'memory_reg[6][15]'
INFO: [Synth 8-3886] merging instance 'memory_reg[5][14]' (FDRE) to 'memory_reg[5][15]'
INFO: [Synth 8-3886] merging instance 'memory_reg[4][14]' (FDRE) to 'memory_reg[4][15]'
INFO: [Synth 8-3886] merging instance 'memory_reg[3][14]' (FDRE) to 'memory_reg[3][15]'
INFO: [Synth 8-3886] merging instance 'memory_reg[2][14]' (FDRE) to 'memory_reg[2][15]'
INFO: [Synth 8-3886] merging instance 'memory_reg[1][14]' (FDRE) to 'memory_reg[1][15]'
INFO: [Synth 8-3886] merging instance 'memory_reg[0][14]' (FDRE) to 'memory_reg[0][15]'
INFO: [Synth 8-3886] merging instance 'memory_reg[15][15]' (FDRE) to 'memory_reg[9][15]'
INFO: [Synth 8-3886] merging instance 'memory_reg[10][15]' (FDRE) to 'memory_reg[9][15]'
INFO: [Synth 8-3333] propagating constant 0 across sequential element (\memory_reg[9][15] )
INFO: [Synth 8-3333] propagating constant 0 across sequential element (\memory_reg[7][15] )
INFO: [Synth 8-3333] propagating constant 0 across sequential element (\memory_reg[6][15] )
INFO: [Synth 8-3333] propagating constant 0 across sequential element (\memory_reg[5][15] )
INFO: [Synth 8-3333] propagating constant 0 across sequential element (\memory_reg[4][15] )
INFO: [Synth 8-3333] propagating constant 0 across sequential element (\memory_reg[3][15] )
INFO: [Synth 8-3333] propagating constant 0 across sequential element (\memory_reg[2][15] )
INFO: [Synth 8-3333] propagating constant 0 across sequential element (\memory_reg[1][15] )
INFO: [Synth 8-3333] propagating constant 0 across sequential element (\memory_reg[0][15] )
INFO: [Synth 8-3886] merging instance 'memory_reg[14][8]' (FDRE) to 'memory_reg[14][9]'
INFO: [Synth 8-3886] merging instance 'memory_reg[14][9]' (FDRE) to 'memory_reg[14][10]'
INFO: [Synth 8-3886] merging instance 'memory_reg[14][10]' (FDRE) to 'memory_reg[14][11]'
INFO: [Synth 8-3886] merging instance 'memory_reg[14][11]' (FDRE) to 'memory_reg[14][12]'
INFO: [Synth 8-3886] merging instance 'memory_reg[14][12]' (FDRE) to 'memory_reg[14][13]'
INFO: [Synth 8-3886] merging instance 'memory_reg[14][13]' (FDRE) to 'memory_reg[14][14]'
INFO: [Synth 8-3886] merging instance 'memory_reg[14][14]' (FDRE) to 'memory_reg[14][15]'
INFO: [Synth 8-3886] merging instance 'show_input_reg[4]' (FDE) to 'show_input_reg[5]'
INFO: [Synth 8-3886] merging instance 'show_input_reg[5]' (FDE) to 'show_input_reg[6]'
INFO: [Synth 8-3886] merging instance 'show_input_reg[6]' (FDE) to 'show_input_reg[7]'
WARNING: [Synth 8-3332] Sequential element (o_TX_Active_reg) is unused and will be removed from module UART_TX.
WARNING: [Synth 8-3332] Sequential element (r_TX_Done_reg) is unused and will be removed from module UART_TX.
WARNING: [Synth 8-3332] Sequential element (memory_reg[0][15]) is unused and will be removed from module mfu.
WARNING: [Synth 8-3332] Sequential element (memory_reg[1][15]) is unused and will be removed from module mfu.
WARNING: [Synth 8-3332] Sequential element (memory_reg[2][15]) is unused and will be removed from module mfu.
WARNING: [Synth 8-3332] Sequential element (memory_reg[3][15]) is unused and will be removed from module mfu.
WARNING: [Synth 8-3332] Sequential element (memory_reg[4][15]) is unused and will be removed from module mfu.
WARNING: [Synth 8-3332] Sequential element (memory_reg[5][15]) is unused and will be removed from module mfu.
WARNING: [Synth 8-3332] Sequential element (memory_reg[6][15]) is unused and will be removed from module mfu.
WARNING: [Synth 8-3332] Sequential element (memory_reg[7][15]) is unused and will be removed from module mfu.
WARNING: [Synth 8-3332] Sequential element (memory_reg[15][14]) is unused and will be removed from module mfu.
WARNING: [Synth 8-3332] Sequential element (memory_reg[15][13]) is unused and will be removed from module mfu.
WARNING: [Synth 8-3332] Sequential element (memory_reg[15][12]) is unused and will be removed from module mfu.
WARNING: [Synth 8-3332] Sequential element (memory_reg[15][11]) is unused and will be removed from module mfu.
WARNING: [Synth 8-3332] Sequential element (memory_reg[15][10]) is unused and will be removed from module mfu.
WARNING: [Synth 8-3332] Sequential element (memory_reg[15][9]) is unused and will be removed from module mfu.
WARNING: [Synth 8-3332] Sequential element (memory_reg[15][8]) is unused and will be removed from module mfu.
WARNING: [Synth 8-3332] Sequential element (memory_reg[13][15]) is unused and will be removed from module mfu.
WARNING: [Synth 8-3332] Sequential element (memory_reg[13][14]) is unused and will be removed from module mfu.
WARNING: [Synth 8-3332] Sequential element (memory_reg[13][13]) is unused and will be removed from module mfu.
WARNING: [Synth 8-3332] Sequential element (memory_reg[13][12]) is unused and will be removed from module mfu.
WARNING: [Synth 8-3332] Sequential element (memory_reg[13][11]) is unused and will be removed from module mfu.
WARNING: [Synth 8-3332] Sequential element (memory_reg[13][10]) is unused and will be removed from module mfu.
WARNING: [Synth 8-3332] Sequential element (memory_reg[13][9]) is unused and will be removed from module mfu.
WARNING: [Synth 8-3332] Sequential element (memory_reg[13][8]) is unused and will be removed from module mfu.
WARNING: [Synth 8-3332] Sequential element (memory_reg[12][15]) is unused and will be removed from module mfu.
WARNING: [Synth 8-3332] Sequential element (memory_reg[12][14]) is unused and will be removed from module mfu.
WARNING: [Synth 8-3332] Sequential element (memory_reg[12][13]) is unused and will be removed from module mfu.
WARNING: [Synth 8-3332] Sequential element (memory_reg[12][12]) is unused and will be removed from module mfu.
WARNING: [Synth 8-3332] Sequential element (memory_reg[12][11]) is unused and will be removed from module mfu.
WARNING: [Synth 8-3332] Sequential element (memory_reg[12][10]) is unused and will be removed from module mfu.
WARNING: [Synth 8-3332] Sequential element (memory_reg[12][9]) is unused and will be removed from module mfu.
WARNING: [Synth 8-3332] Sequential element (memory_reg[12][8]) is unused and will be removed from module mfu.
WARNING: [Synth 8-3332] Sequential element (memory_reg[11][15]) is unused and will be removed from module mfu.
WARNING: [Synth 8-3332] Sequential element (memory_reg[11][14]) is unused and will be removed from module mfu.
WARNING: [Synth 8-3332] Sequential element (memory_reg[11][13]) is unused and will be removed from module mfu.
WARNING: [Synth 8-3332] Sequential element (memory_reg[11][12]) is unused and will be removed from module mfu.
WARNING: [Synth 8-3332] Sequential element (memory_reg[11][11]) is unused and will be removed from module mfu.
WARNING: [Synth 8-3332] Sequential element (memory_reg[11][10]) is unused and will be removed from module mfu.
WARNING: [Synth 8-3332] Sequential element (memory_reg[11][9]) is unused and will be removed from module mfu.
WARNING: [Synth 8-3332] Sequential element (memory_reg[11][8]) is unused and will be removed from module mfu.
WARNING: [Synth 8-3332] Sequential element (memory_reg[10][14]) is unused and will be removed from module mfu.
WARNING: [Synth 8-3332] Sequential element (memory_reg[10][13]) is unused and will be removed from module mfu.
WARNING: [Synth 8-3332] Sequential element (memory_reg[10][12]) is unused and will be removed from module mfu.
WARNING: [Synth 8-3332] Sequential element (memory_reg[10][11]) is unused and will be removed from module mfu.
WARNING: [Synth 8-3332] Sequential element (memory_reg[10][10]) is unused and will be removed from module mfu.
WARNING: [Synth 8-3332] Sequential element (memory_reg[10][9]) is unused and will be removed from module mfu.
WARNING: [Synth 8-3332] Sequential element (memory_reg[10][8]) is unused and will be removed from module mfu.
WARNING: [Synth 8-3332] Sequential element (memory_reg[8][12]) is unused and will be removed from module mfu.
WARNING: [Synth 8-3332] Sequential element (memory_reg[8][13]) is unused and will be removed from module mfu.
WARNING: [Synth 8-3332] Sequential element (memory_reg[8][14]) is unused and will be removed from module mfu.
WARNING: [Synth 8-3332] Sequential element (memory_reg[8][15]) is unused and will be removed from module mfu.
WARNING: [Synth 8-3332] Sequential element (memory_reg[9][15]) is unused and will be removed from module mfu.
---------------------------------------------------------------------------------
Finished Cross Boundary and Area Optimization : Time (s): cpu = 00:02:06 ; elapsed = 00:02:10 . Memory (MB): peak = 774.715 ; gain = 483.621
---------------------------------------------------------------------------------

Report RTL Partitions: 
+-+--------------+------------+----------+
| |RTL Partition |Replication |Instances |
+-+--------------+------------+----------+
+-+--------------+------------+----------+
---------------------------------------------------------------------------------
Start Applying XDC Timing Constraints
---------------------------------------------------------------------------------
---------------------------------------------------------------------------------
Finished Applying XDC Timing Constraints : Time (s): cpu = 00:02:23 ; elapsed = 00:02:27 . Memory (MB): peak = 798.637 ; gain = 507.543
---------------------------------------------------------------------------------
---------------------------------------------------------------------------------
Start Timing Optimization
---------------------------------------------------------------------------------
---------------------------------------------------------------------------------
Finished Timing Optimization : Time (s): cpu = 00:02:23 ; elapsed = 00:02:27 . Memory (MB): peak = 799.453 ; gain = 508.359
---------------------------------------------------------------------------------

Report RTL Partitions: 
+-+--------------+------------+----------+
| |RTL Partition |Replication |Instances |
+-+--------------+------------+----------+
+-+--------------+------------+----------+
---------------------------------------------------------------------------------
Start Technology Mapping
---------------------------------------------------------------------------------
---------------------------------------------------------------------------------
Finished Technology Mapping : Time (s): cpu = 00:02:23 ; elapsed = 00:02:28 . Memory (MB): peak = 828.902 ; gain = 537.809
---------------------------------------------------------------------------------

Report RTL Partitions: 
+-+--------------+------------+----------+
| |RTL Partition |Replication |Instances |
+-+--------------+------------+----------+
+-+--------------+------------+----------+
---------------------------------------------------------------------------------
Start IO Insertion
---------------------------------------------------------------------------------
---------------------------------------------------------------------------------
Start Flattening Before IO Insertion
---------------------------------------------------------------------------------
---------------------------------------------------------------------------------
Finished Flattening Before IO Insertion
---------------------------------------------------------------------------------
---------------------------------------------------------------------------------
Start Final Netlist Cleanup
---------------------------------------------------------------------------------
---------------------------------------------------------------------------------
Finished Final Netlist Cleanup
---------------------------------------------------------------------------------
---------------------------------------------------------------------------------
Finished IO Insertion : Time (s): cpu = 00:02:25 ; elapsed = 00:02:29 . Memory (MB): peak = 828.902 ; gain = 537.809
---------------------------------------------------------------------------------

Report Check Netlist: 
+------+------------------+-------+---------+-------+------------------+
|      |Item              |Errors |Warnings |Status |Description       |
+------+------------------+-------+---------+-------+------------------+
|1     |multi_driven_nets |      0|        0|Passed |Multi driven nets |
+------+------------------+-------+---------+-------+------------------+
---------------------------------------------------------------------------------
Start Renaming Generated Instances
---------------------------------------------------------------------------------
---------------------------------------------------------------------------------
Finished Renaming Generated Instances : Time (s): cpu = 00:02:25 ; elapsed = 00:02:30 . Memory (MB): peak = 828.902 ; gain = 537.809
---------------------------------------------------------------------------------

Report RTL Partitions: 
+-+--------------+------------+----------+
| |RTL Partition |Replication |Instances |
+-+--------------+------------+----------+
+-+--------------+------------+----------+
---------------------------------------------------------------------------------
Start Rebuilding User Hierarchy
---------------------------------------------------------------------------------
---------------------------------------------------------------------------------
Finished Rebuilding User Hierarchy : Time (s): cpu = 00:02:25 ; elapsed = 00:02:30 . Memory (MB): peak = 828.902 ; gain = 537.809
---------------------------------------------------------------------------------
---------------------------------------------------------------------------------
Start Renaming Generated Ports
---------------------------------------------------------------------------------
---------------------------------------------------------------------------------
Finished Renaming Generated Ports : Time (s): cpu = 00:02:25 ; elapsed = 00:02:30 . Memory (MB): peak = 828.902 ; gain = 537.809
---------------------------------------------------------------------------------
---------------------------------------------------------------------------------
Start Handling Custom Attributes
---------------------------------------------------------------------------------
---------------------------------------------------------------------------------
Finished Handling Custom Attributes : Time (s): cpu = 00:02:25 ; elapsed = 00:02:30 . Memory (MB): peak = 828.902 ; gain = 537.809
---------------------------------------------------------------------------------
---------------------------------------------------------------------------------
Start Renaming Generated Nets
---------------------------------------------------------------------------------
---------------------------------------------------------------------------------
Finished Renaming Generated Nets : Time (s): cpu = 00:02:25 ; elapsed = 00:02:30 . Memory (MB): peak = 828.902 ; gain = 537.809
---------------------------------------------------------------------------------
---------------------------------------------------------------------------------
Start Writing Synthesis Report
---------------------------------------------------------------------------------

Report BlackBoxes: 
+-+--------------+----------+
| |BlackBox name |Instances |
+-+--------------+----------+
+-+--------------+----------+

Report Cell Usage: 
+------+-------+------+
|      |Cell   |Count |
+------+-------+------+
|1     |BUFG   |     2|
|2     |CARRY4 |    61|
|3     |LUT1   |     1|
|4     |LUT2   |    31|
|5     |LUT3   |   268|
|6     |LUT4   |   176|
|7     |LUT5   |   237|
|8     |LUT6   |   267|
|9     |MUXF7  |    16|
|10    |MUXF8  |     8|
|11    |FDRE   |   198|
|12    |FDSE   |     4|
|13    |IBUF   |     3|
|14    |OBUF   |     9|
+------+-------+------+

Report Instance Areas: 
+------+------------+--------+------+
|      |Instance    |Module  |Cells |
+------+------------+--------+------+
|1     |top         |        |  1281|
|2     |  Entity_rx |UART_RX |   155|
|3     |  Entity_tx |UART_TX |    65|
+------+------------+--------+------+
---------------------------------------------------------------------------------
Finished Writing Synthesis Report : Time (s): cpu = 00:02:25 ; elapsed = 00:02:30 . Memory (MB): peak = 828.902 ; gain = 537.809
---------------------------------------------------------------------------------
Synthesis finished with 0 errors, 0 critical warnings and 54 warnings.
Synthesis Optimization Runtime : Time (s): cpu = 00:02:05 ; elapsed = 00:02:20 . Memory (MB): peak = 828.902 ; gain = 203.820
Synthesis Optimization Complete : Time (s): cpu = 00:02:25 ; elapsed = 00:02:30 . Memory (MB): peak = 828.902 ; gain = 537.809
INFO: [Project 1-571] Translating synthesized netlist
INFO: [Netlist 29-17] Analyzing 88 Unisim elements for replacement
INFO: [Netlist 29-28] Unisim Transformation completed in 0 CPU seconds
WARNING: [Netlist 29-101] Netlist 'mfu' is not ideal for floorplanning, since the cellview 'mfu' contains a large number of primitives.  Please consider enabling hierarchy in synthesis if you want to do floorplanning.
INFO: [Project 1-570] Preparing netlist for logic optimization
INFO: [Opt 31-138] Pushed 0 inverter(s) to 0 load pin(s).
INFO: [Project 1-111] Unisim Transformation Summary:
No Unisim elements were transformed.

INFO: [Common 17-83] Releasing license: Synthesis
171 Infos, 92 Warnings, 18 Critical Warnings and 0 Errors encountered.
synth_design completed successfully
synth_design: Time (s): cpu = 00:02:28 ; elapsed = 00:02:34 . Memory (MB): peak = 828.902 ; gain = 550.684
INFO: [Common 17-1381] The checkpoint 'I:/project_5_3/project_5_3.runs/synth_1/mfu.dcp' has been generated.
INFO: [runtcl-4] Executing : report_utilization -file mfu_utilization_synth.rpt -pb mfu_utilization_synth.pb
report_utilization: Time (s): cpu = 00:00:00 ; elapsed = 00:00:00.052 . Memory (MB): peak = 828.902 ; gain = 0.000
INFO: [Common 17-206] Exiting Vivado at Sat Mar 17 12:49:48 2018...
